<?xml version="1.0" encoding="UTF-8"?>
<!-- Generated by org.testng.reporters.JUnitXMLReporter -->
<testsuite ignored="0" hostname="DESKTOP-FU44QNM" failures="0" tests="7" name="Default test" time="0.378" errors="0" timestamp="2022-02-11T11:51:40 IST">
  <testcase classname="org.TestHome" name="@BeforeClass beforeClass" time="-1.644560500393E9">
    <failure type="org.testng.TestNGException" message="
Parameter &amp;apos;browsers&amp;apos; is required by BeforeClass on method beforeClass but has not been marked @Optional or defined
in C:\Users\Vishal Malvadkar\AppData\Local\Temp\testng-eclipse-2035561255\testng-customsuite.xml">
      <![CDATA[org.testng.TestNGException: 
Parameter 'browsers' is required by BeforeClass on method beforeClass but has not been marked @Optional or defined
in C:\Users\Vishal Malvadkar\AppData\Local\Temp\testng-eclipse-2035561255\testng-customsuite.xml
at org.testng.internal.Parameters.createParams(Parameters.java:270)
at org.testng.internal.Parameters.createParametersForMethod(Parameters.java:358)
at org.testng.internal.Parameters.createParameters(Parameters.java:700)
at org.testng.internal.Parameters.createConfigurationParameters(Parameters.java:168)
at org.testng.internal.ConfigInvoker.invokeConfigurations(ConfigInvoker.java:302)
at org.testng.internal.TestMethodWorker.invokeBeforeClassMethods(TestMethodWorker.java:176)
at org.testng.internal.TestMethodWorker.run(TestMethodWorker.java:122)
at java.base/java.util.ArrayList.forEach(ArrayList.java:1541)
at org.testng.TestRunner.privateRun(TestRunner.java:794)
at org.testng.TestRunner.run(TestRunner.java:596)
at org.testng.SuiteRunner.runTest(SuiteRunner.java:377)
at org.testng.SuiteRunner.runSequentially(SuiteRunner.java:371)
at org.testng.SuiteRunner.privateRun(SuiteRunner.java:332)
at org.testng.SuiteRunner.run(SuiteRunner.java:276)
at org.testng.SuiteRunnerWorker.runSuite(SuiteRunnerWorker.java:53)
at org.testng.SuiteRunnerWorker.run(SuiteRunnerWorker.java:96)
at org.testng.TestNG.runSuitesSequentially(TestNG.java:1212)
at org.testng.TestNG.runSuitesLocally(TestNG.java:1134)
at org.testng.TestNG.runSuites(TestNG.java:1063)
at org.testng.TestNG.run(TestNG.java:1031)
at org.testng.remote.AbstractRemoteTestNG.run(AbstractRemoteTestNG.java:115)
at org.testng.remote.RemoteTestNG.initAndRun(RemoteTestNG.java:251)
at org.testng.remote.RemoteTestNG.main(RemoteTestNG.java:77)
]]>
    </failure>
  </testcase> <!-- @BeforeClass beforeClass -->
  <testcase classname="org.TestHome" name="@BeforeMethod beforeMethod" time="-1.644560500586E9">
    <skipped/>
  </testcase> <!-- @BeforeMethod beforeMethod -->
  <testcase classname="org.TestHome" name="@BeforeMethod beforeMethod" time="-1.644560500632E9">
    <skipped/>
  </testcase> <!-- @BeforeMethod beforeMethod -->
  <testcase classname="org.TestHome" name="@BeforeMethod beforeMethod" time="-1.644560500651E9">
    <skipped/>
  </testcase> <!-- @BeforeMethod beforeMethod -->
  <testcase classname="org.TestHome" name="@BeforeMethod beforeMethod" time="-1.644560500673E9">
    <skipped/>
  </testcase> <!-- @BeforeMethod beforeMethod -->
  <testcase classname="org.TestHome" name="@BeforeMethod beforeMethod" time="-1.644560500696E9">
    <skipped/>
  </testcase> <!-- @BeforeMethod beforeMethod -->
  <testcase classname="org.TestHome" name="@BeforeMethod beforeMethod" time="-1.644560500712E9">
    <skipped/>
  </testcase> <!-- @BeforeMethod beforeMethod -->
  <testcase classname="org.TestHome" name="@BeforeMethod beforeMethod" time="-1.644560500725E9">
    <skipped/>
  </testcase> <!-- @BeforeMethod beforeMethod -->
  <testcase classname="org.TestHome" name="tC1" time="0.0">
    <skipped/>
  </testcase> <!-- tC1 -->
  <testcase classname="org.TestHome" name="tC2" time="0.0">
    <skipped/>
  </testcase> <!-- tC2 -->
  <testcase classname="org.TestHome" name="tC3" time="0.0">
    <skipped/>
  </testcase> <!-- tC3 -->
  <testcase classname="org.TestHome" name="tC4" time="0.0">
    <skipped/>
  </testcase> <!-- tC4 -->
  <testcase classname="org.TestHome" name="tC5" time="0.0">
    <skipped/>
  </testcase> <!-- tC5 -->
  <testcase classname="org.TestHome" name="tC6" time="0.0">
    <skipped/>
  </testcase> <!-- tC6 -->
  <testcase classname="org.TestHome" name="tC7" time="0.0">
    <skipped/>
  </testcase> <!-- tC7 -->
</testsuite> <!-- Default test -->
